This is pdfTeX, Version 3.14159265-2.6-1.40.19 (MiKTeX 2.9.6880 64-bit) (preloaded format=pdflatex 2018.11.17)  28 APR 2019 22:35
entering extended mode
**./report_v5.tex
(report_v5.tex
LaTeX2e <2018-04-01> patch level 5

("C:\Users\Woon Tian Yong\AppData\Local\Programs\MiKTeX 2.9\tex\latex\base\arti
cle.cls"
Document Class: article 2014/09/29 v1.4h Standard LaTeX document class

("C:\Users\Woon Tian Yong\AppData\Local\Programs\MiKTeX 2.9\tex\latex\base\size
12.clo"
File: size12.clo 2014/09/29 v1.4h Standard LaTeX file (size option)
)
\c@part=\count80
\c@section=\count81
\c@subsection=\count82
\c@subsubsection=\count83
\c@paragraph=\count84
\c@subparagraph=\count85
\c@figure=\count86
\c@table=\count87
\abovecaptionskip=\skip41
\belowcaptionskip=\skip42
\bibindent=\dimen102
)
("C:\Users\Woon Tian Yong\AppData\Local\Programs\MiKTeX 2.9\tex\latex\fancyhdr\
fancyhdr.sty"
Package: fancyhdr 2017/06/30 v3.9a Extensive control of page headers and footer
s
\f@nch@headwidth=\skip43
\f@nch@O@elh=\skip44
\f@nch@O@erh=\skip45
\f@nch@O@olh=\skip46
\f@nch@O@orh=\skip47
\f@nch@O@elf=\skip48
\f@nch@O@erf=\skip49
\f@nch@O@olf=\skip50
\f@nch@O@orf=\skip51
)
("C:\Users\Woon Tian Yong\AppData\Local\Programs\MiKTeX 2.9\tex\latex\lastpage\
lastpage.sty"
Package: lastpage 2015/03/29 v1.2m Refers to last page's name (HMM; JPG)
)
("C:\Users\Woon Tian Yong\AppData\Local\Programs\MiKTeX 2.9\tex\latex\geometry\
geometry.sty"
Package: geometry 2018/04/16 v5.8 Page Geometry

("C:\Users\Woon Tian Yong\AppData\Local\Programs\MiKTeX 2.9\tex\latex\graphics\
keyval.sty"
Package: keyval 2014/10/28 v1.15 key=value parser (DPC)
\KV@toks@=\toks14
)
("C:\Users\Woon Tian Yong\AppData\Local\Programs\MiKTeX 2.9\tex\generic\oberdie
k\ifpdf.sty"
Package: ifpdf 2018/09/07 v3.3 Provides the ifpdf switch
)
("C:\Users\Woon Tian Yong\AppData\Local\Programs\MiKTeX 2.9\tex\generic\oberdie
k\ifvtex.sty"
Package: ifvtex 2016/05/16 v1.6 Detect VTeX and its facilities (HO)
Package ifvtex Info: VTeX not detected.
)
("C:\Users\Woon Tian Yong\AppData\Local\Programs\MiKTeX 2.9\tex\generic\ifxetex
\ifxetex.sty"
Package: ifxetex 2010/09/12 v0.6 Provides ifxetex conditional
)
\Gm@cnth=\count88
\Gm@cntv=\count89
\c@Gm@tempcnt=\count90
\Gm@bindingoffset=\dimen103
\Gm@wd@mp=\dimen104
\Gm@odd@mp=\dimen105
\Gm@even@mp=\dimen106
\Gm@layoutwidth=\dimen107
\Gm@layoutheight=\dimen108
\Gm@layouthoffset=\dimen109
\Gm@layoutvoffset=\dimen110
\Gm@dimlist=\toks15

("C:\Users\Woon Tian Yong\AppData\Local\Programs\MiKTeX 2.9\tex\latex\geometry\
geometry.cfg"))
("C:\Users\Woon Tian Yong\AppData\Local\Programs\MiKTeX 2.9\tex\latex\amsmath\a
msmath.sty"
Package: amsmath 2017/09/02 v2.17a AMS math features
\@mathmargin=\skip52

For additional information on amsmath, use the `?' option.

("C:\Users\Woon Tian Yong\AppData\Local\Programs\MiKTeX 2.9\tex\latex\amsmath\a
mstext.sty"
Package: amstext 2000/06/29 v2.01 AMS text

("C:\Users\Woon Tian Yong\AppData\Local\Programs\MiKTeX 2.9\tex\latex\amsmath\a
msgen.sty"
File: amsgen.sty 1999/11/30 v2.0 generic functions
\@emptytoks=\toks16
\ex@=\dimen111
))
("C:\Users\Woon Tian Yong\AppData\Local\Programs\MiKTeX 2.9\tex\latex\amsmath\a
msbsy.sty"
Package: amsbsy 1999/11/29 v1.2d Bold Symbols
\pmbraise@=\dimen112
)
("C:\Users\Woon Tian Yong\AppData\Local\Programs\MiKTeX 2.9\tex\latex\amsmath\a
msopn.sty"
Package: amsopn 2016/03/08 v2.02 operator names
)
\inf@bad=\count91
LaTeX Info: Redefining \frac on input line 213.
\uproot@=\count92
\leftroot@=\count93
LaTeX Info: Redefining \overline on input line 375.
\classnum@=\count94
\DOTSCASE@=\count95
LaTeX Info: Redefining \ldots on input line 472.
LaTeX Info: Redefining \dots on input line 475.
LaTeX Info: Redefining \cdots on input line 596.
\Mathstrutbox@=\box26
\strutbox@=\box27
\big@size=\dimen113
LaTeX Font Info:    Redeclaring font encoding OML on input line 712.
LaTeX Font Info:    Redeclaring font encoding OMS on input line 713.
\macc@depth=\count96
\c@MaxMatrixCols=\count97
\dotsspace@=\muskip10
\c@parentequation=\count98
\dspbrk@lvl=\count99
\tag@help=\toks17
\row@=\count100
\column@=\count101
\maxfields@=\count102
\andhelp@=\toks18
\eqnshift@=\dimen114
\alignsep@=\dimen115
\tagshift@=\dimen116
\tagwidth@=\dimen117
\totwidth@=\dimen118
\lineht@=\dimen119
\@envbody=\toks19
\multlinegap=\skip53
\multlinetaggap=\skip54
\mathdisplay@stack=\toks20
LaTeX Info: Redefining \[ on input line 2817.
LaTeX Info: Redefining \] on input line 2818.
)
("C:\Users\Woon Tian Yong\AppData\Local\Programs\MiKTeX 2.9\tex\latex\setspace\
setspace.sty"
Package: setspace 2011/12/19 v6.7a set line spacing
)
("C:\Users\Woon Tian Yong\AppData\Local\Programs\MiKTeX 2.9\tex\latex\graphics\
graphicx.sty"
Package: graphicx 2017/06/01 v1.1a Enhanced LaTeX Graphics (DPC,SPQR)

("C:\Users\Woon Tian Yong\AppData\Local\Programs\MiKTeX 2.9\tex\latex\graphics\
graphics.sty"
Package: graphics 2017/06/25 v1.2c Standard LaTeX Graphics (DPC,SPQR)

("C:\Users\Woon Tian Yong\AppData\Local\Programs\MiKTeX 2.9\tex\latex\graphics\
trig.sty"
Package: trig 2016/01/03 v1.10 sin cos tan (DPC)
)
("C:\Users\Woon Tian Yong\AppData\Local\Programs\MiKTeX 2.9\tex\latex\graphics-
cfg\graphics.cfg"
File: graphics.cfg 2016/06/04 v1.11 sample graphics configuration
)
Package graphics Info: Driver file: pdftex.def on input line 99.

("C:\Users\Woon Tian Yong\AppData\Local\Programs\MiKTeX 2.9\tex\latex\graphics-
def\pdftex.def"
File: pdftex.def 2018/01/08 v1.0l Graphics/color driver for pdftex
))
\Gin@req@height=\dimen120
\Gin@req@width=\dimen121
)
("C:\Users\Woon Tian Yong\AppData\Local\Programs\MiKTeX 2.9\tex\latex\caption\c
aption.sty"
Package: caption 2018/10/06 v3.3-154 Customizing captions (AR)

("C:\Users\Woon Tian Yong\AppData\Local\Programs\MiKTeX 2.9\tex\latex\caption\c
aption3.sty"
Package: caption3 2018/09/12 v1.8c caption3 kernel (AR)
Package caption3 Info: TeX engine: e-TeX on input line 64.
\captionmargin=\dimen122
\captionmargin@=\dimen123
\captionwidth=\dimen124
\caption@tempdima=\dimen125
\caption@indent=\dimen126
\caption@parindent=\dimen127
\caption@hangindent=\dimen128
)
\c@caption@flags=\count103
\c@ContinuedFloat=\count104
) (report_v5.aux

LaTeX Warning: Label `fig:label' multiply defined.


LaTeX Warning: Label `fig:label' multiply defined.


LaTeX Warning: Label `fig:label' multiply defined.


LaTeX Warning: Label `fig:label' multiply defined.


LaTeX Warning: Label `fig:label' multiply defined.


LaTeX Warning: Label `fig:label' multiply defined.


LaTeX Warning: Label `fig:label' multiply defined.


LaTeX Warning: Label `fig:label' multiply defined.


LaTeX Warning: Label `fig:label' multiply defined.


LaTeX Warning: Label `fig:label' multiply defined.


LaTeX Warning: Label `fig:label' multiply defined.


LaTeX Warning: Label `fig:label' multiply defined.

)
\openout1 = `report_v5.aux'.

LaTeX Font Info:    Checking defaults for OML/cmm/m/it on input line 16.
LaTeX Font Info:    ... okay on input line 16.
LaTeX Font Info:    Checking defaults for T1/cmr/m/n on input line 16.
LaTeX Font Info:    ... okay on input line 16.
LaTeX Font Info:    Checking defaults for OT1/cmr/m/n on input line 16.
LaTeX Font Info:    ... okay on input line 16.
LaTeX Font Info:    Checking defaults for OMS/cmsy/m/n on input line 16.
LaTeX Font Info:    ... okay on input line 16.
LaTeX Font Info:    Checking defaults for OMX/cmex/m/n on input line 16.
LaTeX Font Info:    ... okay on input line 16.
LaTeX Font Info:    Checking defaults for U/cmr/m/n on input line 16.
LaTeX Font Info:    ... okay on input line 16.
Package lastpage Info: Please have a look at the pageslts package at
(lastpage)             https://www.ctan.org/pkg/pageslts
(lastpage)             ! on input line 16.

*geometry* driver: auto-detecting
*geometry* detected driver: pdftex
*geometry* verbose mode - [ preamble ] result:
* driver: pdftex
* paper: a4paper
* layout: <same size as paper>
* layoutoffset:(h,v)=(0.0pt,0.0pt)
* modes: 
* h-part:(L,W,R)=(59.74988pt, 478.00812pt, 59.74988pt)
* v-part:(T,H,B)=(67.60269pt, 676.04005pt, 101.4041pt)
* \paperwidth=597.50787pt
* \paperheight=845.04684pt
* \textwidth=478.00812pt
* \textheight=676.04005pt
* \oddsidemargin=-12.52011pt
* \evensidemargin=-12.52011pt
* \topmargin=-41.6673pt
* \headheight=12.0pt
* \headsep=25.0pt
* \topskip=12.0pt
* \footskip=30.0pt
* \marginparwidth=44.0pt
* \marginparsep=10.0pt
* \columnsep=10.0pt
* \skip\footins=10.8pt plus 4.0pt minus 2.0pt
* \hoffset=0.0pt
* \voffset=0.0pt
* \mag=1000
* \@twocolumnfalse
* \@twosidefalse
* \@mparswitchfalse
* \@reversemarginfalse
* (1in=72.27pt=25.4mm, 1cm=28.453pt)


("C:\Users\Woon Tian Yong\AppData\Local\Programs\MiKTeX 2.9\tex\context\base\su
pp-pdf.mkii"
[Loading MPS to PDF converter (version 2006.09.02).]
\scratchcounter=\count105
\scratchdimen=\dimen129
\scratchbox=\box28
\nofMPsegments=\count106
\nofMParguments=\count107
\everyMPshowfont=\toks21
\MPscratchCnt=\count108
\MPscratchDim=\dimen130
\MPnumerator=\count109
\makeMPintoPDFobject=\count110
\everyMPtoPDFconversion=\toks22
)
("C:\Users\Woon Tian Yong\AppData\Local\Programs\MiKTeX 2.9\tex\latex\oberdiek\
epstopdf-base.sty"
Package: epstopdf-base 2016/05/15 v2.6 Base part for package epstopdf

("C:\Users\Woon Tian Yong\AppData\Local\Programs\MiKTeX 2.9\tex\generic\oberdie
k\infwarerr.sty"
Package: infwarerr 2016/05/16 v1.4 Providing info/warning/error messages (HO)
)
("C:\Users\Woon Tian Yong\AppData\Local\Programs\MiKTeX 2.9\tex\latex\oberdiek\
grfext.sty"
Package: grfext 2016/05/16 v1.2 Manage graphics extensions (HO)

("C:\Users\Woon Tian Yong\AppData\Local\Programs\MiKTeX 2.9\tex\generic\oberdie
k\kvdefinekeys.sty"
Package: kvdefinekeys 2016/05/16 v1.4 Define keys (HO)

("C:\Users\Woon Tian Yong\AppData\Local\Programs\MiKTeX 2.9\tex\generic\oberdie
k\ltxcmds.sty"
Package: ltxcmds 2016/05/16 v1.23 LaTeX kernel commands for general use (HO)
)))
("C:\Users\Woon Tian Yong\AppData\Local\Programs\MiKTeX 2.9\tex\latex\oberdiek\
kvoptions.sty"
Package: kvoptions 2016/05/16 v3.12 Key value format for package options (HO)

("C:\Users\Woon Tian Yong\AppData\Local\Programs\MiKTeX 2.9\tex\generic\oberdie
k\kvsetkeys.sty"
Package: kvsetkeys 2016/05/16 v1.17 Key value parser (HO)

("C:\Users\Woon Tian Yong\AppData\Local\Programs\MiKTeX 2.9\tex\generic\oberdie
k\etexcmds.sty"
Package: etexcmds 2016/05/16 v1.6 Avoid name clashes with e-TeX commands (HO)

("C:\Users\Woon Tian Yong\AppData\Local\Programs\MiKTeX 2.9\tex\generic\oberdie
k\ifluatex.sty"
Package: ifluatex 2016/05/16 v1.4 Provides the ifluatex switch (HO)
Package ifluatex Info: LuaTeX not detected.
))))
("C:\Users\Woon Tian Yong\AppData\Local\Programs\MiKTeX 2.9\tex\generic\oberdie
k\pdftexcmds.sty"
Package: pdftexcmds 2018/09/10 v0.29 Utility functions of pdfTeX for LuaTeX (HO
)
Package pdftexcmds Info: LuaTeX not detected.
Package pdftexcmds Info: \pdf@primitive is available.
Package pdftexcmds Info: \pdf@ifprimitive is available.
Package pdftexcmds Info: \pdfdraftmode found.
)
Package epstopdf-base Info: Redefining graphics rule for `.eps' on input line 4
38.
Package grfext Info: Graphics extension search list:
(grfext)             [.pdf,.png,.jpg,.mps,.jpeg,.jbig2,.jb2,.PDF,.PNG,.JPG,.JPE
G,.JBIG2,.JB2,.eps]
(grfext)             \AppendGraphicsExtensions on input line 456.
)
Package caption Info: Begin \AtBeginDocument code.
Package caption Info: End \AtBeginDocument code.

Underfull \hbox (badness 10000) in paragraph at lines 18--22

 []


Underfull \hbox (badness 10000) in paragraph at lines 18--22

 []


Underfull \hbox (badness 10000) in paragraph at lines 35--36

 []

[1

{C:/Users/Woon Tian Yong/AppData/Local/MiKTeX/2.9/pdftex/config/pdftex.map}]
Underfull \hbox (badness 10000) in paragraph at lines 37--38

 []


Underfull \hbox (badness 10000) in paragraph at lines 39--40

 []


Underfull \hbox (badness 10000) in paragraph at lines 41--42

 []


Underfull \hbox (badness 10000) in paragraph at lines 43--44

 []


Underfull \hbox (badness 10000) in paragraph at lines 45--46

 []

[2]
Underfull \hbox (badness 10000) in paragraph at lines 47--49

 []


Underfull \hbox (badness 10000) in paragraph at lines 50--51

 []


Underfull \hbox (badness 10000) in paragraph at lines 52--53

 []


Underfull \hbox (badness 10000) in paragraph at lines 54--55

 []


Underfull \hbox (badness 10000) in paragraph at lines 56--57

 []

[3]
Underfull \hbox (badness 10000) in paragraph at lines 63--65

 []


Underfull \hbox (badness 10000) in paragraph at lines 66--68

 []


Underfull \hbox (badness 10000) in paragraph at lines 69--71

 []


Underfull \hbox (badness 10000) in paragraph at lines 72--74

 []


Underfull \hbox (badness 10000) in paragraph at lines 75--77

 []


Underfull \hbox (badness 10000) in paragraph at lines 78--80

 []


Underfull \hbox (badness 10000) in paragraph at lines 81--82

 []

[4]
Underfull \hbox (badness 10000) in paragraph at lines 88--90

 []

LaTeX Font Info:    Try loading font information for OMS+cmr on input line 95.

("C:\Users\Woon Tian Yong\AppData\Local\Programs\MiKTeX 2.9\tex\latex\base\omsc
mr.fd"
File: omscmr.fd 2014/09/29 v2.5h Standard LaTeX font definitions
)
LaTeX Font Info:    Font shape `OMS/cmr/m/n' in size <12> not available
(Font)              Font shape `OMS/cmsy/m/n' tried instead on input line 95.

Underfull \hbox (badness 10000) in paragraph at lines 101--102

 []


Underfull \hbox (badness 10000) in paragraph at lines 111--113

 []

[5]

LaTeX Warning: Command \textendash invalid in math mode on input line 123.


Underfull \hbox (badness 10000) in paragraph at lines 124--127

 []

[6]
<A1.png, id=29, 274.52562pt x 66.74937pt>
File: A1.png Graphic file (type png)
<use A1.png>
Package pdftex.def Info: A1.png  used on input line 149.
(pdftex.def)             Requested size: 219.88693pt x 48.45122pt.

Underfull \hbox (badness 10000) in paragraph at lines 153--154

 []

<A3.png, id=32, 342.27875pt x 115.43124pt>
File: A3.png Graphic file (type png)
<use A3.png>
Package pdftex.def Info: A3.png  used on input line 163.
(pdftex.def)             Requested size: 305.9249pt x 98.3072pt.
<A4.png, id=34, 342.27875pt x 114.4275pt>
File: A4.png Graphic file (type png)
<use A4.png>
Package pdftex.def Info: A4.png  used on input line 172.
(pdftex.def)             Requested size: 305.9249pt x 97.38844pt.
[7 <./A1.png> <./A3.png> <./A4.png>]
<A5.png, id=46, 586.69188pt x 619.31375pt>
File: A5.png Graphic file (type png)
<use A5.png>
Package pdftex.def Info: A5.png  used on input line 185.
(pdftex.def)             Requested size: 420.64948pt x 444.35861pt.

Underfull \hbox (badness 10000) in paragraph at lines 189--190

 []

[8 <./A5.png>]
<A6.png, id=53, 586.69188pt x 422.57875pt>
File: A6.png Graphic file (type png)
<use A6.png>
Package pdftex.def Info: A6.png  used on input line 196.
(pdftex.def)             Requested size: 420.64948pt x 301.34663pt.
 [9 <./A6.png>]
Underfull \hbox (badness 10000) in paragraph at lines 205--206

 []


Underfull \hbox (badness 10000) in paragraph at lines 207--208

 []


Underfull \hbox (badness 10000) in paragraph at lines 209--210

 []


Underfull \hbox (badness 10000) in paragraph at lines 213--214

 []

<SMB01.jpg, id=60, 580.569pt x 256.3176pt>
File: SMB01.jpg Graphic file (type jpg)
<use SMB01.jpg>
Package pdftex.def Info: SMB01.jpg  used on input line 217.
(pdftex.def)             Requested size: 396.7476pt x 172.05359pt.
[10 <./SMB01.jpg>]
Underfull \hbox (badness 10000) in paragraph at lines 224--225

 []

<SMB02.jpg, id=66, 565.6332pt x 256.3176pt>
File: SMB02.jpg Graphic file (type jpg)
<use SMB02.jpg>
Package pdftex.def Info: SMB02.jpg  used on input line 230.
(pdftex.def)             Requested size: 396.7476pt x 176.66426pt.

Underfull \hbox (badness 10000) in paragraph at lines 235--236

 []

[11 <./SMB02.jpg>]
<SMB03.jpg, id=72, 574.145pt x 369.88188pt>
File: SMB03.jpg Graphic file (type jpg)
<use SMB03.jpg>
Package pdftex.def Info: SMB03.jpg  used on input line 243.
(pdftex.def)             Requested size: 430.20438pt x 274.98817pt.

Underfull \hbox (badness 10000) in paragraph at lines 250--251

 []

<HML01.jpg, id=74, 581.5326pt x 256.3176pt>
File: HML01.jpg Graphic file (type jpg)
<use HML01.jpg>
Package pdftex.def Info: HML01.jpg  used on input line 254.
(pdftex.def)             Requested size: 396.7476pt x 171.76187pt.
[12 <./SMB03.jpg> <./HML01.jpg>]
<HML02.jpg, id=81, 565.6332pt x 256.3176pt>
File: HML02.jpg Graphic file (type jpg)
<use HML02.jpg>
Package pdftex.def Info: HML02.jpg  used on input line 265.
(pdftex.def)             Requested size: 382.40794pt x 170.27675pt.
<HML03.jpg, id=83, 574.145pt x 369.88188pt>
File: HML03.jpg Graphic file (type jpg)
<use HML03.jpg>
Package pdftex.def Info: HML03.jpg  used on input line 274.
(pdftex.def)             Requested size: 430.20438pt x 274.98817pt.
 [13 <./HML02.jpg> <./HML03.jpg>]
Underfull \hbox (badness 10000) in paragraph at lines 281--282

 []

<UMD01.jpg, id=91, 581.5326pt x 256.3176pt>
File: UMD01.jpg Graphic file (type jpg)
<use UMD01.jpg>
Package pdftex.def Info: UMD01.jpg  used on input line 289.
(pdftex.def)             Requested size: 396.7476pt x 171.76187pt.

Underfull \hbox (badness 10000) in paragraph at lines 294--295

 []

[14 <./UMD01.jpg>]
<UMD02.jpg, id=97, 574.145pt x 267.49937pt>
File: UMD02.jpg Graphic file (type jpg)
<use UMD02.jpg>
Package pdftex.def Info: UMD02.jpg  used on input line 302.
(pdftex.def)             Requested size: 430.20438pt x 197.1829pt.

Underfull \hbox (badness 10000) in paragraph at lines 308--309

 []


Underfull \hbox (badness 10000) in paragraph at lines 310--311

 []

[15 <./UMD02.jpg>] [16] 
AED: lastpage setting LastPage
[17] (report_v5.aux)

LaTeX Warning: There were multiply-defined labels.

 ) 
Here is how much of TeX's memory you used:
 3917 strings out of 492969
 60846 string characters out of 3122587
 135888 words of memory out of 3000000
 7736 multiletter control sequences out of 15000+200000
 8310 words of font info for 30 fonts, out of 3000000 for 9000
 1141 hyphenation exceptions out of 8191
 41i,6n,43p,1830b,263s stack positions out of 5000i,500n,10000p,200000b,50000s
<C:/Users/Woon Tian Yong/AppData/Local/Programs/MiKTeX 2.9/fonts/type1/public
/amsfonts/cm/cmbx12.pfb><C:/Users/Woon Tian Yong/AppData/Local/Programs/MiKTeX 
2.9/fonts/type1/public/amsfonts/cm/cmmi12.pfb><C:/Users/Woon Tian Yong/AppData/
Local/Programs/MiKTeX 2.9/fonts/type1/public/amsfonts/cm/cmmi6.pfb><C:/Users/Wo
on Tian Yong/AppData/Local/Programs/MiKTeX 2.9/fonts/type1/public/amsfonts/cm/c
mmi8.pfb><C:/Users/Woon Tian Yong/AppData/Local/Programs/MiKTeX 2.9/fonts/type1
/public/amsfonts/cm/cmr12.pfb><C:/Users/Woon Tian Yong/AppData/Local/Programs/M
iKTeX 2.9/fonts/type1/public/amsfonts/cm/cmr17.pfb><C:/Users/Woon Tian Yong/App
Data/Local/Programs/MiKTeX 2.9/fonts/type1/public/amsfonts/cm/cmr8.pfb><C:/User
s/Woon Tian Yong/AppData/Local/Programs/MiKTeX 2.9/fonts/type1/public/amsfonts/
cm/cmsy10.pfb><C:/Users/Woon Tian Yong/AppData/Local/Programs/MiKTeX 2.9/fonts/
type1/public/amsfonts/cm/cmti12.pfb>
Output written on report_v5.pdf (17 pages, 1130848 bytes).
PDF statistics:
 138 PDF objects out of 1000 (max. 8388607)
 0 named destinations out of 1000 (max. 500000)
 144 words of extra memory for PDF output out of 10000 (max. 10000000)

